\BOOKMARK [1][-]{section.1}{Introducción}{}% 1
\BOOKMARK [1][-]{section.2}{Espacio Euclídeo}{}% 2
\BOOKMARK [2][-]{subsection.2.1}{Operaciones}{section.2}% 3
\BOOKMARK [3][-]{subsubsection.2.1.1}{Demostración de la Desigualdad de Cauchy-Schwarz}{subsection.2.1}% 4
\BOOKMARK [3][-]{subsubsection.2.1.2}{Demostración de la Desigualdad Triangular}{subsection.2.1}% 5
\BOOKMARK [2][-]{subsection.2.2}{Otras coordenadas de R² y R³ }{section.2}% 6
\BOOKMARK [3][-]{subsubsection.2.2.1}{Coordenadas Polares en R²}{subsection.2.2}% 7
\BOOKMARK [3][-]{subsubsection.2.2.2}{Coordenadas Cilíndricas en R³}{subsection.2.2}% 8
\BOOKMARK [3][-]{subsubsection.2.2.3}{Coordenadas Esféricas en R³}{subsection.2.2}% 9
\BOOKMARK [1][-]{section.3}{Topología}{}% 10
\BOOKMARK [2][-]{subsection.3.1}{Interior de un Conjunto}{section.3}% 11
\BOOKMARK [2][-]{subsection.3.2}{Conjunto abierto}{section.3}% 12
\BOOKMARK [2][-]{subsection.3.3}{Conjunto cerrado}{section.3}% 13
\BOOKMARK [2][-]{subsection.3.4}{Frontera de un conjunto}{section.3}% 14
\BOOKMARK [2][-]{subsection.3.5}{Conjunto acotado y conjunto compacto}{section.3}% 15
\BOOKMARK [1][-]{section.4}{Límites de funciones y Continuidad}{}% 16
\BOOKMARK [2][-]{subsection.4.1}{Límite de una sucesión en un espacio n-dimensional}{section.4}% 17
\BOOKMARK [2][-]{subsection.4.2}{Límte de una función en n dimensiones}{section.4}% 18
\BOOKMARK [2][-]{subsection.4.3}{Continuidad de una función en n dimensiones}{section.4}% 19
\BOOKMARK [3][-]{subsubsection.4.3.1}{Propiedades de la continuidad}{subsection.4.3}% 20
\BOOKMARK [2][-]{subsection.4.4}{Teorema de Weierstrass}{section.4}% 21
\BOOKMARK [2][-]{subsection.4.5}{Propiedad Útil: Desigualdad de la suma de cuadrados}{section.4}% 22
\BOOKMARK [1][-]{section.5}{Diferenciabilidad}{}% 23
\BOOKMARK [2][-]{subsection.5.1}{Continuidad en derivadas parciales}{section.5}% 24
\BOOKMARK [2][-]{subsection.5.2}{Funciones que devuelven un resultado en m dimensiones}{section.5}% 25
\BOOKMARK [1][-]{section.6}{Curvas y Superficies}{}% 26
\BOOKMARK [2][-]{subsection.6.1}{Longitud de una curva}{section.6}% 27
\BOOKMARK [2][-]{subsection.6.2}{Superficies en 3 dimensiones}{section.6}% 28
\BOOKMARK [2][-]{subsection.6.3}{Polinomio de Taylor}{section.6}% 29
\BOOKMARK [3][-]{subsubsection.6.3.1}{Cálculo de Polinomios de Taylor utilizando polinomios de grado 1}{subsection.6.3}% 30
\BOOKMARK [3][-]{subsubsection.6.3.2}{Cálculo de Polinomios de Taylor utilizando polinomios de grado 2}{subsection.6.3}% 31
\BOOKMARK [1][-]{section.7}{Extremos relativos}{}% 32
\BOOKMARK [2][-]{subsection.7.1}{Matrices definidas positivas y negativas}{section.7}% 33
\BOOKMARK [2][-]{subsection.7.2}{Multiplicadores de Lagrange}{section.7}% 34
\BOOKMARK [1][-]{section.8}{Integración}{}% 35
\BOOKMARK [2][-]{subsection.8.1}{Teorema de Fubini}{section.8}% 36
\BOOKMARK [2][-]{subsection.8.2}{Cambio de variable}{section.8}% 37
\BOOKMARK [2][-]{subsection.8.3}{Cambio a coordenadas polares}{section.8}% 38
\BOOKMARK [2][-]{subsection.8.4}{Cambio de Variable por integrales triples}{section.8}% 39
\BOOKMARK [1][-]{section.9}{Cálculo vectorial}{}% 40
\BOOKMARK [2][-]{subsection.9.1}{Teorema de Green}{section.9}% 41
