\BOOKMARK [1][-]{section.1}{Introducción}{}% 1
\BOOKMARK [1][-]{section.2}{Fenómenos aleatorios y experimentos aleatorios}{}% 2
\BOOKMARK [2][-]{subsection.2.1}{Fenómentos aleatorios}{section.2}% 3
\BOOKMARK [2][-]{subsection.2.2}{Espacio Muestral}{section.2}% 4
\BOOKMARK [2][-]{subsection.2.3}{Sucesos}{section.2}% 5
\BOOKMARK [2][-]{subsection.2.4}{Sigma-algebra}{section.2}% 6
\BOOKMARK [2][-]{subsection.2.5}{Notación de teoría de conjuntos y probabilidad}{section.2}% 7
\BOOKMARK [1][-]{section.3}{Probabilidades}{}% 8
\BOOKMARK [2][-]{subsection.3.1}{Espacio de Probabilidad}{section.3}% 9
\BOOKMARK [2][-]{subsection.3.2}{Propiedades de P}{section.3}% 10
\BOOKMARK [2][-]{subsection.3.3}{La Fórmula de Laplace}{section.3}% 11
\BOOKMARK [2][-]{subsection.3.4}{Continuidad secuencial de la probabilidad}{section.3}% 12
\BOOKMARK [3][-]{subsubsection.3.4.1}{Continuidad secuencial de la probabilidad por uniones crecientes}{subsection.3.4}% 13
\BOOKMARK [3][-]{subsubsection.3.4.2}{Continuidad secuencial de la probabilidad por uniones decrecientes}{subsection.3.4}% 14
\BOOKMARK [1][-]{section.4}{Combinatoria}{}% 15
\BOOKMARK [2][-]{subsection.4.1}{Permutaciones}{section.4}% 16
\BOOKMARK [3][-]{subsubsection.4.1.1}{Permutaciones con Repetición}{subsection.4.1}% 17
\BOOKMARK [2][-]{subsection.4.2}{Variaciones}{section.4}% 18
\BOOKMARK [3][-]{subsubsection.4.2.1}{Variaciones con repetición}{subsection.4.2}% 19
\BOOKMARK [2][-]{subsection.4.3}{Combinaciones}{section.4}% 20
\BOOKMARK [1][-]{section.5}{Probabilidad y ODDS}{}% 21
\BOOKMARK [1][-]{section.6}{Probabilidad Condicionada}{}% 22
\BOOKMARK [1][-]{section.7}{Independencia de sucesos}{}% 23
\BOOKMARK [2][-]{subsection.7.1}{Propiedades de la independencia de sucesos}{section.7}% 24
\BOOKMARK [2][-]{subsection.7.2}{Independencia de 3 o más sucesos}{section.7}% 25
\BOOKMARK [1][-]{section.8}{Problemas}{}% 26
\BOOKMARK [2][-]{subsection.8.1}{Problema 1}{section.8}% 27
\BOOKMARK [2][-]{subsection.8.2}{Problema 2}{section.8}% 28
\BOOKMARK [2][-]{subsection.8.3}{Problema 3}{section.8}% 29
\BOOKMARK [2][-]{subsection.8.4}{Problema 4}{section.8}% 30
\BOOKMARK [2][-]{subsection.8.5}{Problema 5}{section.8}% 31
