\BOOKMARK [1][-]{section.1}{Introducción}{}% 1
\BOOKMARK [1][-]{section.2}{Como hallar variables aleatorias}{}% 2
\BOOKMARK [2][-]{subsection.2.1}{Operaciones}{section.2}% 3
\BOOKMARK [2][-]{subsection.2.2}{Sucesiones}{section.2}% 4
\BOOKMARK [1][-]{section.3}{Función de distribución de una variable aleatoria}{}% 5
\BOOKMARK [2][-]{subsection.3.1}{Propiedades}{section.3}% 6
\BOOKMARK [1][-]{section.4}{Variables aleatorias discretas}{}% 7
\BOOKMARK [2][-]{subsection.4.1}{Función de probabilidad}{section.4}% 8
\BOOKMARK [2][-]{subsection.4.2}{Tipos de variable discreta}{section.4}% 9
\BOOKMARK [3][-]{subsubsection.4.2.1}{Caso Degenerado}{subsection.4.2}% 10
\BOOKMARK [3][-]{subsubsection.4.2.2}{Caso Bermoulli}{subsection.4.2}% 11
\BOOKMARK [3][-]{subsubsection.4.2.3}{Uniforme discreta sobre n puntos}{subsection.4.2}% 12
\BOOKMARK [3][-]{subsubsection.4.2.4}{Binomial}{subsection.4.2}% 13
\BOOKMARK [3][-]{subsubsection.4.2.5}{Geométrica}{subsection.4.2}% 14
\BOOKMARK [3][-]{subsubsection.4.2.6}{Binomial negativa}{subsection.4.2}% 15
\BOOKMARK [3][-]{subsubsection.4.2.7}{Hipergeométrica}{subsection.4.2}% 16
\BOOKMARK [3][-]{subsubsection.4.2.8}{Poisson}{subsection.4.2}% 17
\BOOKMARK [1][-]{section.5}{Variables aleatorias continuas}{}% 18
\BOOKMARK [2][-]{subsection.5.1}{Función de distribución}{section.5}% 19
\BOOKMARK [2][-]{subsection.5.2}{Tipos de variable continua}{section.5}% 20
\BOOKMARK [3][-]{subsubsection.5.2.1}{Uniforme en \(0,1\)}{subsection.5.2}% 21
